{"/home/spacebiscuit/repos/testing_basics/practice.js": {"path":"/home/spacebiscuit/repos/testing_basics/practice.js","all":false,"statementMap":{"0":{"start":{"line":1,"column":0},"end":{"line":1,"column":25}},"1":{"start":{"line":2,"column":0},"end":{"line":2,"column":45}},"2":{"start":{"line":3,"column":0},"end":{"line":3,"column":1}},"3":{"start":{"line":4,"column":0},"end":{"line":4,"column":0}},"4":{"start":{"line":5,"column":0},"end":{"line":5,"column":22}},"5":{"start":{"line":6,"column":0},"end":{"line":6,"column":20}},"6":{"start":{"line":7,"column":0},"end":{"line":7,"column":45}},"7":{"start":{"line":8,"column":0},"end":{"line":8,"column":24}},"8":{"start":{"line":9,"column":0},"end":{"line":9,"column":3}},"9":{"start":{"line":10,"column":0},"end":{"line":10,"column":25}},"10":{"start":{"line":11,"column":0},"end":{"line":11,"column":1}},"11":{"start":{"line":12,"column":0},"end":{"line":12,"column":0}},"12":{"start":{"line":13,"column":0},"end":{"line":13,"column":26}},"13":{"start":{"line":14,"column":0},"end":{"line":14,"column":40}},"14":{"start":{"line":15,"column":0},"end":{"line":15,"column":63}},"15":{"start":{"line":16,"column":0},"end":{"line":16,"column":94}},"16":{"start":{"line":17,"column":0},"end":{"line":17,"column":26}},"17":{"start":{"line":18,"column":0},"end":{"line":18,"column":36}},"18":{"start":{"line":19,"column":0},"end":{"line":19,"column":58}},"19":{"start":{"line":20,"column":0},"end":{"line":20,"column":32}},"20":{"start":{"line":21,"column":0},"end":{"line":21,"column":15}},"21":{"start":{"line":22,"column":0},"end":{"line":22,"column":5}},"22":{"start":{"line":23,"column":0},"end":{"line":23,"column":68}},"23":{"start":{"line":24,"column":0},"end":{"line":24,"column":50}},"24":{"start":{"line":25,"column":0},"end":{"line":25,"column":57}},"25":{"start":{"line":26,"column":0},"end":{"line":26,"column":36}},"26":{"start":{"line":27,"column":0},"end":{"line":27,"column":3}},"27":{"start":{"line":28,"column":0},"end":{"line":28,"column":31}},"28":{"start":{"line":29,"column":0},"end":{"line":29,"column":1}},"29":{"start":{"line":30,"column":0},"end":{"line":30,"column":0}},"30":{"start":{"line":31,"column":0},"end":{"line":31,"column":29}},"31":{"start":{"line":32,"column":0},"end":{"line":32,"column":0}},"32":{"start":{"line":33,"column":0},"end":{"line":33,"column":18}},"33":{"start":{"line":34,"column":0},"end":{"line":34,"column":0}},"34":{"start":{"line":35,"column":0},"end":{"line":35,"column":37}}},"s":{"0":1,"1":1,"2":1,"3":1,"4":1,"5":1,"6":1,"7":4,"8":4,"9":1,"10":1,"11":1,"12":4,"13":4,"14":4,"15":4,"16":4,"17":4,"18":20,"19":3,"20":3,"21":3,"22":17,"23":17,"24":17,"25":17,"26":17,"27":4,"28":4,"29":1,"30":1,"31":1,"32":1,"33":1,"34":1},"branchMap":{"0":{"type":"branch","line":1,"loc":{"start":{"line":1,"column":0},"end":{"line":3,"column":1}},"locations":[{"start":{"line":1,"column":0},"end":{"line":3,"column":1}}]},"1":{"type":"branch","line":5,"loc":{"start":{"line":5,"column":0},"end":{"line":11,"column":1}},"locations":[{"start":{"line":5,"column":0},"end":{"line":11,"column":1}}]},"2":{"type":"branch","line":7,"loc":{"start":{"line":7,"column":44},"end":{"line":9,"column":3}},"locations":[{"start":{"line":7,"column":44},"end":{"line":9,"column":3}}]},"3":{"type":"branch","line":13,"loc":{"start":{"line":13,"column":0},"end":{"line":29,"column":1}},"locations":[{"start":{"line":13,"column":0},"end":{"line":29,"column":1}}]},"4":{"type":"branch","line":18,"loc":{"start":{"line":18,"column":35},"end":{"line":27,"column":3}},"locations":[{"start":{"line":18,"column":35},"end":{"line":27,"column":3}}]},"5":{"type":"branch","line":19,"loc":{"start":{"line":19,"column":21},"end":{"line":19,"column":39}},"locations":[{"start":{"line":19,"column":21},"end":{"line":19,"column":39}}]},"6":{"type":"branch","line":19,"loc":{"start":{"line":19,"column":39},"end":{"line":19,"column":56}},"locations":[{"start":{"line":19,"column":39},"end":{"line":19,"column":56}}]},"7":{"type":"branch","line":19,"loc":{"start":{"line":19,"column":57},"end":{"line":22,"column":5}},"locations":[{"start":{"line":19,"column":57},"end":{"line":22,"column":5}}]},"8":{"type":"branch","line":22,"loc":{"start":{"line":22,"column":4},"end":{"line":27,"column":3}},"locations":[{"start":{"line":22,"column":4},"end":{"line":27,"column":3}}]}},"b":{"0":[1],"1":[1],"2":[4],"3":[4],"4":[20],"5":[19],"6":[18],"7":[3],"8":[17]},"fnMap":{"0":{"name":"capitalize","decl":{"start":{"line":1,"column":0},"end":{"line":3,"column":1}},"loc":{"start":{"line":1,"column":0},"end":{"line":3,"column":1}},"line":1},"1":{"name":"reverse","decl":{"start":{"line":5,"column":0},"end":{"line":11,"column":1}},"loc":{"start":{"line":5,"column":0},"end":{"line":11,"column":1}},"line":5},"2":{"name":"ceaser","decl":{"start":{"line":13,"column":0},"end":{"line":29,"column":1}},"loc":{"start":{"line":13,"column":0},"end":{"line":29,"column":1}},"line":13}},"f":{"0":1,"1":1,"2":4}}
}
