TN:
SF:practice.js
FN:1,capitalize
FN:5,reverse
FN:13,ceaser
FNF:3
FNH:3
FNDA:1,capitalize
FNDA:1,reverse
FNDA:4,ceaser
DA:1,1
DA:2,1
DA:3,1
DA:4,1
DA:5,1
DA:6,1
DA:7,1
DA:8,4
DA:9,4
DA:10,1
DA:11,1
DA:12,1
DA:13,4
DA:14,4
DA:15,4
DA:16,4
DA:17,4
DA:18,4
DA:19,20
DA:20,3
DA:21,3
DA:22,3
DA:23,17
DA:24,17
DA:25,17
DA:26,17
DA:27,17
DA:28,4
DA:29,4
DA:30,1
DA:31,1
DA:32,1
DA:33,1
DA:34,1
DA:35,1
LF:35
LH:35
BRDA:1,0,0,1
BRDA:5,1,0,1
BRDA:7,2,0,4
BRDA:13,3,0,4
BRDA:18,4,0,20
BRDA:19,5,0,19
BRDA:19,6,0,18
BRDA:19,7,0,3
BRDA:22,8,0,17
BRF:9
BRH:9
end_of_record
